2025-12-23 20:15:19,291 - Program started
2025-12-23 20:15:19,292 - For loop:
2025-12-23 20:15:19,292 - 1
2025-12-23 20:15:19,293 - 2
2025-12-23 20:15:19,294 - 4
2025-12-23 20:15:19,295 - 5
2025-12-23 20:15:19,296 - While loop:
2025-12-23 20:15:19,296 - 1
2025-12-23 20:15:19,297 - 2
2025-12-23 20:15:19,298 - 3
2025-12-23 20:15:19,305 - Hello Megha
2025-12-23 20:15:19,305 - Addition result: 30
2025-12-23 20:15:19,305 - Square result: 16
2025-12-23 20:15:19,305 - Factorial result: 120
2025-12-23 20:15:19,306 - Total Marks: 255
2025-12-23 20:15:19,306 - Program ended
2025-12-23 20:18:38,042 - For loop:
2025-12-23 20:18:38,048 - 1
2025-12-23 20:18:38,052 - 2
2025-12-23 20:18:38,056 - 4
2025-12-23 20:18:38,056 - 5
2025-12-23 20:18:38,056 - While loop:
2025-12-23 20:18:38,057 - 1
2025-12-23 20:18:38,057 - 2
2025-12-23 20:18:38,057 - 3
2025-12-23 20:18:38,057 - Hello Megha
2025-12-23 20:18:38,058 - Addition result: 30
2025-12-23 20:18:38,058 - Factorial result: 120
2025-12-23 20:18:38,058 - Program ended
